all features
[0]	train-rmse:16.1501	valid-rmse:16.3022
Multiple eval metrics have been passed: 'valid-rmse' will be used for early stopping.

Will train until valid-rmse hasn't improved in 200 rounds.
[200]	train-rmse:0.779367	valid-rmse:1.57712
[400]	train-rmse:0.458598	valid-rmse:1.49439
Stopping. Best iteration:
[397]	train-rmse:0.460705	valid-rmse:1.49391

--------------------------------------------------------------
without cast
[0]	train-rmse:16.1495	valid-rmse:16.3019
Multiple eval metrics have been passed: 'valid-rmse' will be used for early stopping.

Will train until valid-rmse hasn't improved in 200 rounds.
[200]	train-rmse:0.798323	valid-rmse:1.58905
[400]	train-rmse:0.474154	valid-rmse:1.52143
Stopping. Best iteration:
[389]	train-rmse:0.480165	valid-rmse:1.52046

--------------------------------------------------------------
without crew
[0]	train-rmse:16.1495	valid-rmse:16.3019
Multiple eval metrics have been passed: 'valid-rmse' will be used for early stopping.

Will train until valid-rmse hasn't improved in 200 rounds.
[200]	train-rmse:0.788278	valid-rmse:1.58741
[400]	train-rmse:0.469239	valid-rmse:1.52149
Stopping. Best iteration:
[361]	train-rmse:0.493274	valid-rmse:1.52022

--------------------------------------------------------------
sparse features
[0]	train-rmse:16.1498	valid-rmse:16.303
Multiple eval metrics have been passed: 'valid-rmse' will be used for early stopping.

Will train until valid-rmse hasn't improved in 200 rounds.
[200]	train-rmse:1.33912	valid-rmse:1.73399
[400]	train-rmse:0.951653	valid-rmse:1.71561
Stopping. Best iteration:
[255]	train-rmse:1.17834	valid-rmse:1.69192

--------------------------------------------------------------
no budget
[0]	train-rmse:16.1512	valid-rmse:16.3037
Multiple eval metrics have been passed: 'valid-rmse' will be used for early stopping.

Will train until valid-rmse hasn't improved in 200 rounds.
[200]	train-rmse:0.842976	valid-rmse:1.64972
[400]	train-rmse:0.487919	valid-rmse:1.59581
[600]	train-rmse:0.424796	valid-rmse:1.5954
Stopping. Best iteration:
[585]	train-rmse:0.427052	valid-rmse:1.59491

--------------------------------------------------------------
finish
